<?xml version="1.0" encoding="UTF-8"?>
<!-- Generated by org.testng.reporters.JUnitXMLReporter -->
<testsuite ignored="0" hostname="Sirishas-Air" failures="0" tests="8" name="Header Test" time="46.312" errors="0" timestamp="01 Apr 2019 22:59:17 GMT">
  <testcase classname="com.selenium.test.TestPHP" name="initiateBrowserTest" time="6.24"/>
  <testcase classname="com.selenium.test.TestPHP" name="setupPage" time="5.172"/>
  <testcase classname="com.selenium.test.TestPHP" name="testTitle" time="0.421"/>
  <testcase classname="com.selenium.test.TestPHP" name="testMenu" time="0.203"/>
  <testcase classname="com.selenium.test.TestPHP" name="validateScreenLinks" time="33.742"/>
  <testcase classname="com.selenium.test.TestPHP" name="testSubMenu_Features" time="0.209"/>
  <testcase classname="com.selenium.test.TestPHP" name="testSubMenu_Hosting" time="0.096"/>
  <testcase classname="com.selenium.test.TestPHP" name="testSubMenu_Product" time="0.184"/>
</testsuite> <!-- Header Test -->
