<?xml version="1.0" encoding="UTF-8"?>
<!-- Generated by org.testng.reporters.JUnitXMLReporter -->
<testsuite ignored="0" hostname="Sirishas-Air" failures="0" tests="7" name="Default test" time="13.104" errors="0" timestamp="01 Apr 2019 17:44:13 GMT">
  <testcase classname="com.selenium.test.TestPHP" name="initiateBrowserTest" time="6.933"/>
  <testcase classname="com.selenium.test.TestPHP" name="setupPage" time="5.324"/>
  <testcase classname="com.selenium.test.TestPHP" name="testTitle" time="0.014"/>
  <testcase classname="com.selenium.test.TestPHP" name="testMenu" time="0.142"/>
  <testcase classname="com.selenium.test.TestPHP" name="testSubMenu_Features" time="0.266"/>
  <testcase classname="com.selenium.test.TestPHP" name="testSubMenu_Hosting" time="0.117"/>
  <testcase classname="com.selenium.test.TestPHP" name="testSubMenu_Product" time="0.254"/>
</testsuite> <!-- Default test -->
